h:\windows\documents\igi\sujets\tp05\tmp\debug\ihm\vc142.pdb
h:\windows\documents\igi\sujets\tp05\tmp\debug\ihm\moc_mainwindow.obj
h:\windows\documents\igi\sujets\tp05\tmp\debug\ihm\moc_entitestreemodel.obj
h:\windows\documents\igi\sujets\tp05\tmp\debug\ihm\main.obj
h:\windows\documents\igi\sujets\tp05\tmp\debug\ihm\mainwindow.obj
h:\windows\documents\igi\sujets\tp05\tmp\debug\ihm\variableitem.obj
h:\windows\documents\igi\sujets\tp05\tmp\debug\ihm\entitestreemodel.obj
h:\windows\documents\igi\sujets\tp05\tmp\debug\ihm\entiteitem.obj
h:\windows\documents\igi\sujets\tp05\tmp\debug\ihm\moc_entitestreemodel.cpp
h:\windows\documents\igi\sujets\tp05\tmp\debug\ihm\moc_mainwindow.cpp
h:\windows\documents\igi\sujets\tp05\tmp\debug\ihm\moc_predefs.h
h:\windows\documents\igi\sujets\tp05\tmp\debug\ihm\ui_mainwindow.h
h:\windows\documents\igi\sujets\tp05\bin\ihm_d.ilk
h:\windows\documents\igi\sujets\tp05\bin\ihm_d.exe
h:\windows\documents\igi\sujets\tp05\bin\ihm_d.pdb
h:\windows\documents\igi\sujets\tp05\tmp\debug\ihm\ihm.tlog\cl.command.1.tlog
h:\windows\documents\igi\sujets\tp05\tmp\debug\ihm\ihm.tlog\cl.read.1.tlog
h:\windows\documents\igi\sujets\tp05\tmp\debug\ihm\ihm.tlog\cl.write.1.tlog
h:\windows\documents\igi\sujets\tp05\tmp\debug\ihm\ihm.tlog\custombuild.command.1.tlog
h:\windows\documents\igi\sujets\tp05\tmp\debug\ihm\ihm.tlog\custombuild.read.1.tlog
h:\windows\documents\igi\sujets\tp05\tmp\debug\ihm\ihm.tlog\custombuild.write.1.tlog
h:\windows\documents\igi\sujets\tp05\tmp\debug\ihm\ihm.tlog\link.command.1.tlog
h:\windows\documents\igi\sujets\tp05\tmp\debug\ihm\ihm.tlog\link.read.1.tlog
h:\windows\documents\igi\sujets\tp05\tmp\debug\ihm\ihm.tlog\link.write.1.tlog
