h:\windows\documents\igi\sujets\tp05\tmp\debug\model\model_d.pdb
h:\windows\documents\igi\sujets\tp05\tmp\debug\model\moc_variable.obj
h:\windows\documents\igi\sujets\tp05\tmp\debug\model\moc_entite.obj
h:\windows\documents\igi\sujets\tp05\tmp\debug\model\moc_classe.obj
h:\windows\documents\igi\sujets\tp05\tmp\debug\model\variable.obj
h:\windows\documents\igi\sujets\tp05\tmp\debug\model\entite.obj
h:\windows\documents\igi\sujets\tp05\tmp\debug\model\classe.obj
h:\windows\documents\igi\sujets\tp05\tmp\debug\model\moc_classe.cpp
h:\windows\documents\igi\sujets\tp05\tmp\debug\model\moc_entite.cpp
h:\windows\documents\igi\sujets\tp05\tmp\debug\model\moc_variable.cpp
h:\windows\documents\igi\sujets\tp05\tmp\debug\model\moc_predefs.h
h:\windows\documents\igi\sujets\tp05\bin\model_d.lib
h:\windows\documents\igi\sujets\tp05\tmp\debug\model\model.tlog\cl.command.1.tlog
h:\windows\documents\igi\sujets\tp05\tmp\debug\model\model.tlog\cl.read.1.tlog
h:\windows\documents\igi\sujets\tp05\tmp\debug\model\model.tlog\cl.write.1.tlog
h:\windows\documents\igi\sujets\tp05\tmp\debug\model\model.tlog\custombuild.command.1.tlog
h:\windows\documents\igi\sujets\tp05\tmp\debug\model\model.tlog\custombuild.read.1.tlog
h:\windows\documents\igi\sujets\tp05\tmp\debug\model\model.tlog\custombuild.write.1.tlog
h:\windows\documents\igi\sujets\tp05\tmp\debug\model\model.tlog\lib-link.read.1.tlog
h:\windows\documents\igi\sujets\tp05\tmp\debug\model\model.tlog\lib-link.write.1.tlog
h:\windows\documents\igi\sujets\tp05\tmp\debug\model\model.tlog\lib.command.1.tlog
